  signature_set.cpp
  runtime_factory.cpp
C:\Users\jt970\OneDrive\Programing\Anti-Cheat\anti-cheat-with-cpp\ruleset\signature_set.cpp(42,2): error C2760: 구문 오류: 여기서 '}'은(는) 예상치 못한 오류였습니다. 예상된 오류는 ';'였습니다
C:\Users\jt970\OneDrive\Programing\Anti-Cheat\anti-cheat-with-cpp\ruleset\signature_set.cpp(60,3): error C2760: 구문 오류: 여기서 '}'은(는) 예상치 못한 오류였습니다. 예상된 오류는 ';'였습니다
  process_signature.cpp
  코드를 생성하고 있습니다...
